Determining if the C compiler works failed with the following output:
Change Dir: /home/lincoln/GdriveUSP/Simulacao_termografia/build/CMakeFiles/CMakeTmp

Run Build Command:/usr/bin/gmake "cmTryCompileExec/fast"
No such file or directory
Generator: execution of make failed. Make command was: /usr/bin/gmake "cmTryCompileExec/fast"


Determining if the C compiler works failed with the following output:
Change Dir: /home/lincoln/GdriveUSP/Simulacao_termografia/build/CMakeFiles/CMakeTmp

Run Build Command:/usr/bin/gmake "cmTryCompileExec/fast"
No such file or directory
Generator: execution of make failed. Make command was: /usr/bin/gmake "cmTryCompileExec/fast"


Determining if the C compiler works failed with the following output:
Change Dir: /home/lincoln/GdriveUSP/Simulacao_termografia/build/CMakeFiles/CMakeTmp

Run Build Command:/usr/bin/gmake "cmTryCompileExec/fast"
No such file or directory
Generator: execution of make failed. Make command was: /usr/bin/gmake "cmTryCompileExec/fast"


Determining if the C compiler works failed with the following output:
Change Dir: /home/lincoln/GdriveUSP/Simulacao_termografia/build/CMakeFiles/CMakeTmp

Run Build Command:/usr/bin/gmake "cmTryCompileExec/fast"
No such file or directory
Generator: execution of make failed. Make command was: /usr/bin/gmake "cmTryCompileExec/fast"


Determining if the C compiler works failed with the following output:
Change Dir: /home/lincoln/GdriveUSP/Simulacao_termografia/build/CMakeFiles/CMakeTmp

Run Build Command:/usr/bin/gmake "cmTryCompileExec/fast"
No such file or directory
Generator: execution of make failed. Make command was: /usr/bin/gmake "cmTryCompileExec/fast"


Determining if the C compiler works failed with the following output:
Change Dir: /home/lincoln/GdriveUSP/Simulacao_termografia/build/CMakeFiles/CMakeTmp

Run Build Command:/usr/bin/gmake "cmTryCompileExec/fast"
No such file or directory
Generator: execution of make failed. Make command was: /usr/bin/gmake "cmTryCompileExec/fast"


Determining if the C compiler works failed with the following output:
Change Dir: /home/lincoln/GdriveUSP/Simulacao_termografia/build/CMakeFiles/CMakeTmp

Run Build Command:/usr/bin/gmake "cmTryCompileExec/fast"
No such file or directory
Generator: execution of make failed. Make command was: /usr/bin/gmake "cmTryCompileExec/fast"


Determining if the C compiler works failed with the following output:
Change Dir: /home/lincoln/GdriveUSP/Simulacao_termografia/build/CMakeFiles/CMakeTmp

Run Build Command:/usr/bin/gmake "cmTryCompileExec/fast"
No such file or directory
Generator: execution of make failed. Make command was: /usr/bin/gmake "cmTryCompileExec/fast"


